[2019-10-05T17:13:31.796] [DEBUG] cheese - login => username:dddd,password:ddddddddd
[2019-10-05T17:13:31.797] [DEBUG] cheese - dddd
[2019-10-05T17:13:31.805] [DEBUG] cheese - null
[2019-10-05T17:13:31.805] [DEBUG] cheese - null
[2019-10-05T17:13:53.142] [DEBUG] cheese - login => username:ddd,password:dddddddd
[2019-10-05T17:13:53.142] [DEBUG] cheese - ddd
[2019-10-05T17:13:53.143] [DEBUG] cheese - null
[2019-10-05T17:13:53.143] [DEBUG] cheese - null
[2019-10-05T17:14:03.829] [DEBUG] cheese - login => username:admin,password:123456
[2019-10-05T17:14:03.829] [DEBUG] cheese - admin
[2019-10-05T17:14:03.834] [DEBUG] cheese - null
[2019-10-05T17:14:03.834] [DEBUG] cheese - null
[2019-10-05T17:24:43.245] [DEBUG] cheese - login => username:admin,password:123456
[2019-10-05T17:24:43.245] [DEBUG] cheese - admin
[2019-10-05T17:24:43.251] [DEBUG] cheese - null
[2019-10-05T17:24:43.251] [DEBUG] cheese - null
[2019-10-05T17:25:36.503] [DEBUG] cheese - login => username:admin,password:123456
[2019-10-05T17:25:36.503] [DEBUG] cheese - admin
[2019-10-05T17:25:36.505] [DEBUG] cheese - null
[2019-10-05T17:25:36.505] [DEBUG] cheese - null
[2019-10-05T17:29:25.834] [DEBUG] cheese - login => username:admin,password:123456
[2019-10-05T17:29:25.834] [DEBUG] cheese - admin
[2019-10-05T17:29:25.837] [DEBUG] cheese - null
[2019-10-05T17:29:25.837] [DEBUG] cheese - null
[2019-10-05T17:33:57.524] [DEBUG] cheese - login => username:admin,password:123456
[2019-10-05T17:33:57.524] [DEBUG] cheese - admin
[2019-10-05T17:33:57.526] [DEBUG] cheese - null
[2019-10-05T17:33:57.526] [DEBUG] cheese - null
[2019-10-05T17:34:17.297] [DEBUG] cheese - login => username:admin,password:123456
[2019-10-05T17:34:17.297] [DEBUG] cheese - admin
[2019-10-05T17:34:17.299] [DEBUG] cheese - null
[2019-10-05T17:34:17.299] [DEBUG] cheese - null
[2019-10-05T17:34:36.010] [DEBUG] cheese - login => username:admin,password:123456
[2019-10-05T17:34:36.010] [DEBUG] cheese - admin
[2019-10-05T17:34:36.014] [DEBUG] cheese - null
[2019-10-05T17:34:36.014] [DEBUG] cheese - null
[2019-10-05T17:42:43.850] [DEBUG] cheese - login => username:admin,password:123456
[2019-10-05T17:42:43.851] [DEBUG] cheese - admin
[2019-10-05T17:42:43.857] [DEBUG] cheese - null
[2019-10-05T17:42:43.857] [DEBUG] cheese - null
[2019-10-05T17:44:45.122] [DEBUG] cheese - login => username:admin,password:123456
[2019-10-05T17:44:45.122] [DEBUG] cheese - admin
[2019-10-05T17:44:45.124] [DEBUG] cheese - null
[2019-10-05T17:44:45.124] [DEBUG] cheese - null
[2019-10-05T20:27:35.008] [DEBUG] cheese - login => username:admin,password:123456
[2019-10-05T20:27:35.009] [DEBUG] cheese - admin
[2019-10-05T20:27:35.017] [DEBUG] cheese - null
[2019-10-05T20:27:35.017] [DEBUG] cheese - null
[2019-10-05T20:28:15.631] [DEBUG] cheese - login => username:admin,password:123456
[2019-10-05T20:28:15.631] [DEBUG] cheese - admin
[2019-10-05T20:28:15.633] [DEBUG] cheese - null
[2019-10-05T20:28:15.633] [DEBUG] cheese - null
[2019-10-05T20:31:59.708] [DEBUG] cheese - login => username:admin,password:123456
[2019-10-05T20:31:59.708] [DEBUG] cheese - admin
[2019-10-05T20:31:59.711] [DEBUG] cheese - null
[2019-10-05T20:31:59.711] [DEBUG] cheese - null
[2019-10-05T20:32:23.681] [DEBUG] cheese - login => username:admin,password:123456
[2019-10-05T20:32:23.681] [DEBUG] cheese - admin
[2019-10-05T20:32:23.683] [DEBUG] cheese - null
[2019-10-05T20:32:23.683] [DEBUG] cheese - null
[2019-10-05T20:32:32.428] [DEBUG] cheese - login => username:admin,password:123456
[2019-10-05T20:32:32.428] [DEBUG] cheese - admin
[2019-10-05T20:32:32.430] [DEBUG] cheese - null
[2019-10-05T20:32:32.430] [DEBUG] cheese - null
[2019-10-05T20:32:37.761] [DEBUG] cheese - login => username:admin,password:123456
[2019-10-05T20:32:37.761] [DEBUG] cheese - admin
[2019-10-05T20:32:37.763] [DEBUG] cheese - null
[2019-10-05T20:32:37.763] [DEBUG] cheese - null
[2019-10-05T20:32:40.729] [DEBUG] cheese - login => username:admin,password:123456
[2019-10-05T20:32:40.729] [DEBUG] cheese - admin
[2019-10-05T20:32:40.732] [DEBUG] cheese - null
[2019-10-05T20:32:40.732] [DEBUG] cheese - null
[2019-10-05T20:32:43.249] [DEBUG] cheese - login => username:admin,password:123456
[2019-10-05T20:32:43.249] [DEBUG] cheese - admin
[2019-10-05T20:32:43.250] [DEBUG] cheese - null
[2019-10-05T20:32:43.250] [DEBUG] cheese - null
[2019-10-05T20:32:45.595] [DEBUG] cheese - login => username:admin,password:123456
[2019-10-05T20:32:45.595] [DEBUG] cheese - admin
[2019-10-05T20:32:45.597] [DEBUG] cheese - null
[2019-10-05T20:32:45.597] [DEBUG] cheese - null
[2019-10-06T10:07:36.953] [DEBUG] cheese - login => username:admin,password:123456
[2019-10-06T10:07:36.954] [DEBUG] cheese - admin
[2019-10-06T10:07:36.961] [DEBUG] cheese - null
[2019-10-06T10:07:36.961] [DEBUG] cheese - null
[2019-10-06T10:18:41.495] [DEBUG] cheese - login => username:admin,password:123456
[2019-10-06T10:18:41.496] [DEBUG] cheese - admin
[2019-10-06T10:18:41.501] [DEBUG] cheese - null
[2019-10-06T10:18:41.502] [DEBUG] cheese - null
[2019-10-06T10:18:45.595] [DEBUG] cheese - login => username:admin,password:123456
[2019-10-06T10:18:45.595] [DEBUG] cheese - admin
[2019-10-06T10:18:45.603] [DEBUG] cheese - null
[2019-10-06T10:18:45.603] [DEBUG] cheese - null
[2019-10-06T11:41:13.977] [DEBUG] cheese - login => username:admin,password:123456
[2019-10-06T11:41:13.978] [DEBUG] cheese - admin
[2019-10-06T11:41:13.983] [DEBUG] cheese - null
[2019-10-06T11:41:13.983] [DEBUG] cheese - null
[2019-10-06T11:42:53.494] [DEBUG] cheese - login => username:admin,password:123456
[2019-10-06T11:42:53.494] [DEBUG] cheese - admin
[2019-10-06T11:42:53.498] [DEBUG] cheese - null
[2019-10-06T11:42:53.498] [DEBUG] cheese - null
[2019-10-06T11:44:52.225] [DEBUG] cheese - login => username:admin,password:123456
[2019-10-06T11:44:52.225] [DEBUG] cheese - admin
[2019-10-06T11:44:52.227] [DEBUG] cheese - null
[2019-10-06T11:44:52.227] [DEBUG] cheese - null
[2019-10-06T11:45:02.728] [DEBUG] cheese - login => username:admin,password:123456
[2019-10-06T11:45:02.728] [DEBUG] cheese - admin
[2019-10-06T11:45:02.730] [DEBUG] cheese - null
[2019-10-06T11:45:02.730] [DEBUG] cheese - null
[2019-10-06T12:50:18.565] [DEBUG] cheese - login => username:admin,password:123456
[2019-10-06T12:50:18.565] [DEBUG] cheese - admin
[2019-10-06T12:50:18.571] [DEBUG] cheese - null
[2019-10-06T12:50:18.571] [DEBUG] cheese - null
[2019-10-07T14:26:15.621] [DEBUG] cheese - login => username:admin,password:123456
[2019-10-07T14:26:15.623] [DEBUG] cheese - admin
[2019-10-07T14:26:15.684] [DEBUG] cheese - null
[2019-10-07T14:26:15.685] [DEBUG] cheese - null
[2019-10-07T14:37:27.822] [DEBUG] cheese - login => username:admin,password:123456
[2019-10-07T14:37:27.823] [DEBUG] cheese - admin
[2019-10-07T14:37:27.828] [DEBUG] cheese - null
[2019-10-07T14:37:27.828] [DEBUG] cheese - null
[2019-10-07T20:31:31.466] [DEBUG] cheese - login => username:admin,password:123456
[2019-10-07T20:31:31.466] [DEBUG] cheese - admin
[2019-10-07T20:31:31.474] [DEBUG] cheese - null
[2019-10-07T20:31:31.474] [DEBUG] cheese - null
[2019-10-08T10:10:54.418] [DEBUG] cheese - login => username:admin,password:123456
[2019-10-08T10:10:54.420] [DEBUG] cheese - admin
[2019-10-08T10:10:54.481] [DEBUG] cheese - null
[2019-10-08T10:10:54.482] [DEBUG] cheese - null
[2019-10-08T15:07:51.566] [DEBUG] cheese - login => username:admin,password:123456
[2019-10-08T15:07:51.567] [DEBUG] cheese - admin
[2019-10-08T15:07:51.583] [DEBUG] cheese - null
[2019-10-08T15:07:51.584] [DEBUG] cheese - null
[2019-10-08T15:35:11.941] [DEBUG] cheese - login => username:admin,password:123456
[2019-10-08T15:35:11.942] [DEBUG] cheese - admin
[2019-10-08T15:35:11.945] [DEBUG] cheese - null
[2019-10-08T15:35:11.945] [DEBUG] cheese - null
[2019-10-08T17:01:53.713] [DEBUG] cheese - login => username:admin,password:123456
[2019-10-08T17:01:53.715] [DEBUG] cheese - admin
[2019-10-08T17:01:53.745] [DEBUG] cheese - null
[2019-10-08T17:01:53.745] [DEBUG] cheese - null
[2019-10-09T15:19:22.245] [DEBUG] cheese - login => username:admin,password:123456
[2019-10-09T15:19:22.246] [DEBUG] cheese - admin
[2019-10-09T15:19:22.303] [DEBUG] cheese - null
[2019-10-09T15:19:22.304] [DEBUG] cheese - null
[2019-10-10T12:55:33.362] [DEBUG] cheese - login => username:admin,password:123456
[2019-10-10T12:55:33.364] [DEBUG] cheese - admin
[2019-10-10T12:55:33.422] [DEBUG] cheese - null
[2019-10-10T12:55:33.422] [DEBUG] cheese - null
[2019-10-10T19:46:57.882] [DEBUG] cheese - login => username:admin,password:123456
[2019-10-10T19:46:57.885] [DEBUG] cheese - admin
[2019-10-10T19:46:57.889] [DEBUG] cheese - null
[2019-10-10T19:46:57.889] [DEBUG] cheese - null
[2019-10-11T13:52:40.341] [DEBUG] cheese - login => username:admin,password:123456
[2019-10-11T13:52:40.343] [DEBUG] cheese - admin
[2019-10-11T13:52:40.404] [DEBUG] cheese - null
[2019-10-11T13:52:40.404] [DEBUG] cheese - null
[2019-10-11T20:18:27.830] [DEBUG] cheese - login => username:admin,password:123456
[2019-10-11T20:18:27.832] [DEBUG] cheese - admin
[2019-10-11T20:18:27.852] [DEBUG] cheese - null
[2019-10-11T20:18:27.852] [DEBUG] cheese - null
[2019-10-11T20:59:08.990] [DEBUG] cheese - login => username:admin,password:123456
[2019-10-11T20:59:08.991] [DEBUG] cheese - admin
[2019-10-11T20:59:08.996] [DEBUG] cheese - null
[2019-10-11T20:59:08.996] [DEBUG] cheese - null
[2019-10-11T21:23:20.528] [DEBUG] cheese - login => username:admin,password:123456
[2019-10-11T21:23:20.529] [DEBUG] cheese - admin
[2019-10-11T21:23:20.535] [DEBUG] cheese - null
[2019-10-11T21:23:20.535] [DEBUG] cheese - null
[2019-10-12T16:32:08.873] [DEBUG] cheese - login => username:admin,password:123456
[2019-10-12T16:32:08.875] [DEBUG] cheese - admin
[2019-10-12T16:32:08.965] [DEBUG] cheese - null
[2019-10-12T16:32:08.965] [DEBUG] cheese - null
[2019-10-14T18:33:17.189] [DEBUG] cheese - login => username:admin,password:123456
[2019-10-14T18:33:17.190] [DEBUG] cheese - admin
[2019-10-14T18:33:17.256] [DEBUG] cheese - null
[2019-10-14T18:33:17.257] [DEBUG] cheese - null
[2019-10-14T18:34:08.693] [DEBUG] cheese - login => username:admin,password:123456
[2019-10-14T18:34:08.693] [DEBUG] cheese - admin
[2019-10-14T18:34:08.698] [DEBUG] cheese - null
[2019-10-14T18:34:08.698] [DEBUG] cheese - null
[2019-10-14T21:01:44.254] [DEBUG] cheese - login => username:admin,password:123456
[2019-10-14T21:01:44.257] [DEBUG] cheese - admin
[2019-10-14T21:01:44.267] [DEBUG] cheese - null
[2019-10-14T21:01:44.268] [DEBUG] cheese - null
[2019-10-15T15:41:10.048] [DEBUG] cheese - login => username:admin,password:123456
[2019-10-15T15:41:10.050] [DEBUG] cheese - admin
[2019-10-15T15:41:10.121] [DEBUG] cheese - null
[2019-10-15T15:41:10.121] [DEBUG] cheese - null
[2019-10-15T16:55:12.578] [DEBUG] cheese - null
[2019-10-15T16:55:17.456] [DEBUG] cheese - null
[2019-10-15T18:12:01.693] [DEBUG] cheese - login => username:admin,password:123456
[2019-10-15T18:12:01.693] [DEBUG] cheese - admin
[2019-10-15T18:12:01.701] [DEBUG] cheese - null
[2019-10-15T18:12:01.702] [DEBUG] cheese - null
[2019-10-15T18:35:35.592] [DEBUG] cheese - null
[2019-10-15T18:37:31.050] [DEBUG] cheese - null
[2019-10-15T21:29:46.561] [DEBUG] cheese - null
[2019-10-15T21:29:48.450] [DEBUG] cheese - null
[2019-10-16T13:01:07.320] [DEBUG] cheese - login => username:admin,password:123456
[2019-10-16T13:01:07.322] [DEBUG] cheese - admin
[2019-10-16T13:01:07.391] [DEBUG] cheese - null
[2019-10-16T13:01:07.391] [DEBUG] cheese - null
[2019-10-16T14:02:30.836] [DEBUG] cheese - login => username:admin,password:123456
[2019-10-16T14:02:30.838] [DEBUG] cheese - admin
[2019-10-16T14:02:30.843] [DEBUG] cheese - null
[2019-10-16T14:02:30.843] [DEBUG] cheese - null
[2019-10-16T20:37:07.222] [DEBUG] cheese - login => username:admin,password:123456
[2019-10-16T20:37:07.223] [DEBUG] cheese - admin
[2019-10-16T20:37:07.238] [DEBUG] cheese - null
[2019-10-16T20:37:07.239] [DEBUG] cheese - null
[2019-10-17T11:42:27.411] [DEBUG] cheese - login => username:admin,password:123456
[2019-10-17T11:42:27.413] [DEBUG] cheese - admin
[2019-10-17T11:42:27.458] [DEBUG] cheese - null
[2019-10-17T11:42:27.459] [DEBUG] cheese - null
[2019-10-17T12:49:14.423] [DEBUG] cheese - login => username:admin,password:123456
[2019-10-17T12:49:14.424] [DEBUG] cheese - admin
[2019-10-17T12:49:14.432] [DEBUG] cheese - null
[2019-10-17T12:49:14.432] [DEBUG] cheese - null
[2019-10-18T11:06:52.409] [DEBUG] cheese - login => username:admin,password:123456
[2019-10-18T11:06:52.411] [DEBUG] cheese - admin
[2019-10-18T11:06:52.437] [DEBUG] cheese - null
[2019-10-18T11:06:52.437] [DEBUG] cheese - null
[2019-10-20T09:20:23.572] [DEBUG] cheese - login => username:admin,password:123456
[2019-10-20T09:20:23.574] [DEBUG] cheese - admin
[2019-10-20T09:20:23.628] [DEBUG] cheese - null
[2019-10-20T09:20:23.629] [DEBUG] cheese - null
[2019-10-20T10:41:28.878] [DEBUG] cheese - login => username:admin,password:123456
[2019-10-20T10:41:28.880] [DEBUG] cheese - admin
[2019-10-20T10:41:28.887] [DEBUG] cheese - null
[2019-10-20T10:41:28.887] [DEBUG] cheese - null
[2019-10-21T15:45:32.732] [DEBUG] cheese - login => username:admin,password:123456
[2019-10-21T15:45:32.735] [DEBUG] cheese - admin
[2019-10-21T15:45:32.805] [DEBUG] cheese - null
[2019-10-21T15:45:32.805] [DEBUG] cheese - null
[2019-10-21T15:56:27.526] [DEBUG] cheese - login => username:admin,password:123456
[2019-10-21T15:56:27.527] [DEBUG] cheese - admin
[2019-10-21T15:56:27.529] [DEBUG] cheese - null
[2019-10-21T15:56:27.530] [DEBUG] cheese - null
[2019-11-07T08:57:30.612] [DEBUG] cheese - login => username:admin,password:123456
[2019-11-07T08:57:30.614] [DEBUG] cheese - admin
[2019-11-07T08:57:30.739] [DEBUG] cheese - null
[2019-11-07T08:57:30.739] [DEBUG] cheese - null
